[===== NOW BUILDING:	lighttpd-1.4.23	=====]
install -d cookies/main.d
install -d download
install -d download/partial
 ==> Grabbing download/lighttpd-1.4.23.tar.bz2
 	==> Trying file//files/lighttpd-1.4.23.tar.bz2
 	==> Trying file///home/pablo/gar-castorbox/source/lighttpd-1.4.23/lighttpd-1.4.23.tar.bz2
	[fetch] complete for lighttpd.
 ==> Running checksum on lighttpd-1.4.23.tar.bz2
0ab6bb7b17bf0f515ce7dce68e5e215a  download/lighttpd-1.4.23.tar.bz2
file lighttpd-1.4.23.tar.bz2 passes checksum test!
	[checksum] complete for lighttpd.
install -d work/main.d
 ==> Extracting download/lighttpd-1.4.23.tar.bz2
	[extract] complete for lighttpd.
	[patch] complete for lighttpd.
make[1]: Entering directory `/home/pablo/gar-castorbox/script/net/lighttpd'
make[1]: `../../lang/c/cookies/main.d/install' is up to date.
make[1]: `../../lib/pcre/cookies/main.d/install' is up to date.
make[1]: Leaving directory `/home/pablo/gar-castorbox/script/net/lighttpd'
 ==> Running configure in work/main.d/lighttpd-1.4.23
checking build system type... x86_64-manbo-linux-gnu
checking host system type... i586-castorbox-linux-gnu
checking target system type... i586-castorbox-linux-gnu
checking for a BSD-compatible install... //home/pablo/gar-castorbox/images/build/usr/bin/install -c
checking whether build environment is sane... yes
checking for a thread-safe mkdir -p... //home/pablo/gar-castorbox/images/build/usr/bin/mkdir -p
checking for gawk... gawk
checking whether make sets $(MAKE)... yes
checking for i586-castorbox-linux-gnu-strip... i586-castorbox-linux-gnu-strip
checking for i586-castorbox-linux-gnu-gcc... i586-castorbox-linux-gnu-gcc
checking for C compiler default output file name... a.out
checking whether the C compiler works... yes
checking whether we are cross compiling... yes
checking for suffix of executables... 
checking for suffix of object files... o
checking whether we are using the GNU C compiler... yes
checking whether i586-castorbox-linux-gnu-gcc accepts -g... yes
checking for i586-castorbox-linux-gnu-gcc option to accept ISO C89... none needed
checking for style of include used by make... GNU
checking dependency style of i586-castorbox-linux-gnu-gcc... gcc3
checking whether i586-castorbox-linux-gnu-gcc and cc understand -c and -o together... yes
checking for a sed that does not truncate output... //home/pablo/gar-castorbox/images/build/usr/bin/sed
checking for grep that handles long lines and -e... //home/pablo/gar-castorbox/images/build/usr/bin/grep
checking for egrep... //home/pablo/gar-castorbox/images/build/usr/bin/grep -E
checking for fgrep... //home/pablo/gar-castorbox/images/build/usr/bin/grep -F
checking for ld used by i586-castorbox-linux-gnu-gcc... i586-castorbox-linux-gnu-ld
checking if the linker (i586-castorbox-linux-gnu-ld) is GNU ld... yes
checking for a BSD-compatible install... //home/pablo/gar-castorbox/images/build/usr/bin/install -c
checking for gawk... (cached) gawk
checking how to run the C preprocessor... i586-castorbox-linux-gnu-cpp
checking whether ln -s works... yes
checking whether make sets $(MAKE)... (cached) yes
checking for ANSI C header files... yes
checking for sys/types.h... yes
checking for sys/stat.h... yes
checking for stdlib.h... yes
checking for string.h... yes
checking for memory.h... yes
checking for strings.h... yes
checking for inttypes.h... yes
checking for stdint.h... yes
checking for unistd.h... yes
checking minix/config.h usability... no
checking minix/config.h presence... no
checking for minix/config.h... no
checking whether it is safe to define __EXTENSIONS__... yes
checking for library containing strerror... none required
checking for minix/config.h... (cached) no
checking whether it is safe to define __EXTENSIONS__... (cached) yes
checking for function prototypes... yes
checking for string.h... (cached) yes
checking for BSD- or MS-compatible name lister (nm)... i586-castorbox-linux-gnu-nm
checking the name lister (i586-castorbox-linux-gnu-nm) interface... BSD nm
checking the maximum length of command line arguments... 3458764513820540925
checking whether the shell understands some XSI constructs... yes
checking whether the shell understands "+="... yes
checking for i586-castorbox-linux-gnu-ld option to reload object files... -r
checking for i586-castorbox-linux-gnu-objdump... i586-castorbox-linux-gnu-objdump
checking how to recognize dependent libraries... pass_all
checking for i586-castorbox-linux-gnu-ar... i586-castorbox-linux-gnu-ar
checking for i586-castorbox-linux-gnu-strip... (cached) i586-castorbox-linux-gnu-strip
checking for i586-castorbox-linux-gnu-ranlib... i586-castorbox-linux-gnu-ranlib
checking command to parse i586-castorbox-linux-gnu-nm output from i586-castorbox-linux-gnu-gcc object... ok
checking for dlfcn.h... yes
checking for objdir... .libs
checking if i586-castorbox-linux-gnu-gcc supports -fno-rtti -fno-exceptions... no
checking for i586-castorbox-linux-gnu-gcc option to produce PIC... -fPIC -DPIC
checking if i586-castorbox-linux-gnu-gcc PIC flag -fPIC -DPIC works... yes
checking if i586-castorbox-linux-gnu-gcc static flag -static works... yes
checking if i586-castorbox-linux-gnu-gcc supports -c -o file.o... yes
checking if i586-castorbox-linux-gnu-gcc supports -c -o file.o... (cached) yes
checking whether the i586-castorbox-linux-gnu-gcc linker (i586-castorbox-linux-gnu-ld) supports shared libraries... yes
checking whether -lc should be explicitly linked in... no
checking dynamic linker characteristics... GNU/Linux ld.so
checking how to hardcode library paths into programs... immediate
checking for shl_load... no
checking for shl_load in -ldld... no
checking for dlopen... no
checking for dlopen in -ldl... yes
checking whether a program can dlopen itself... cross
checking whether stripping libraries is possible... yes
checking if libtool supports shared libraries... yes
checking whether to build shared libraries... yes
checking whether to build static libraries... no
checking for ANSI C header files... (cached) yes
checking for sys/wait.h that is POSIX.1 compatible... yes
checking arpa/inet.h usability... yes
checking arpa/inet.h presence... yes
checking for arpa/inet.h... yes
checking fcntl.h usability... yes
checking fcntl.h presence... yes
checking for fcntl.h... yes
checking netinet/in.h usability... yes
checking netinet/in.h presence... yes
checking for netinet/in.h... yes
checking for stdlib.h... (cached) yes
checking for string.h... (cached) yes
checking sys/socket.h usability... yes
checking sys/socket.h presence... yes
checking for sys/socket.h... yes
checking sys/time.h usability... yes
checking sys/time.h presence... yes
checking for sys/time.h... yes
checking for unistd.h... (cached) yes
checking sys/sendfile.h usability... yes
checking sys/sendfile.h presence... yes
checking for sys/sendfile.h... yes
checking sys/uio.h usability... yes
checking sys/uio.h presence... yes
checking for sys/uio.h... yes
checking getopt.h usability... yes
checking getopt.h presence... yes
checking for getopt.h... yes
checking sys/epoll.h usability... yes
checking sys/epoll.h presence... yes
checking for sys/epoll.h... yes
checking sys/select.h usability... yes
checking sys/select.h presence... yes
checking for sys/select.h... yes
checking poll.h usability... yes
checking poll.h presence... yes
checking for poll.h... yes
checking sys/poll.h usability... yes
checking sys/poll.h presence... yes
checking for sys/poll.h... yes
checking sys/devpoll.h usability... no
checking sys/devpoll.h presence... no
checking for sys/devpoll.h... no
checking sys/filio.h usability... no
checking sys/filio.h presence... no
checking for sys/filio.h... no
checking sys/mman.h usability... yes
checking sys/mman.h presence... yes
checking for sys/mman.h... yes
checking sys/event.h usability... no
checking sys/event.h presence... no
checking for sys/event.h... no
checking sys/port.h usability... no
checking sys/port.h presence... no
checking for sys/port.h... no
checking pwd.h usability... yes
checking pwd.h presence... yes
checking for pwd.h... yes
checking sys/syslimits.h usability... no
checking sys/syslimits.h presence... no
checking for sys/syslimits.h... no
checking sys/resource.h usability... yes
checking sys/resource.h presence... yes
checking for sys/resource.h... yes
checking sys/un.h usability... yes
checking sys/un.h presence... yes
checking for sys/un.h... yes
checking syslog.h usability... yes
checking syslog.h presence... yes
checking for syslog.h... yes
checking sys/prctl.h usability... yes
checking sys/prctl.h presence... yes
checking for sys/prctl.h... yes
checking uuid/uuid.h usability... yes
checking uuid/uuid.h presence... yes
checking for uuid/uuid.h... yes
checking for an ANSI C-conforming const... yes
checking for inline... inline
checking whether char is unsigned... no
checking for off_t... yes
checking for pid_t... yes
checking for size_t... yes
checking for struct tm.tm_gmtoff... yes
checking for struct sockaddr_storage... yes
checking for socklen_t... yes
checking vfork.h usability... no
checking vfork.h presence... no
checking for vfork.h... no
checking for fork... yes
checking for vfork... yes
checking for working fork... cross
checking for working vfork... (cached) yes
checking return type of signal handlers... void
checking whether lstat dereferences a symlink specified with a trailing slash... no
checking whether stat accepts an empty string... yes
checking for strftime... yes
checking for issetugid... no
checking for inet_pton... yes
checking for MySQL support... no
checking for LDAP support... no
checking for extended attributes support... no
checking for library containing socket... none required
checking for library containing gethostbyname... none required
checking for library containing hstrerror... none required
checking for library containing dlopen... -ldl
checking for dlfcn.h... (cached) yes
checking for valgrind... no
checking for OpenSSL... no
checking for perl regular expressions support... yes
checking for pcre-config... //home/pablo/gar-castorbox/images/build/usr/bin/pkg-config libpcre
checking for zlib support... no
checking for bzip2 support... no
checking for pkg-config... //home/pablo/gar-castorbox/images/build/usr/bin/pkg-config
checking for FAM... no
checking for properties in mod_webdav... yes
checking for XML... yes
checking for SQLITE... yes
checking for locks in mod_webdav... yes
checking for uuid_unparse in -luuid... yes
checking for uuid/uuid.h... (cached) yes
checking for gdbm... no
checking for memcache... no
checking if lua-support is requested... no
checking for library containing crypt... -lcrypt
checking crypt.h usability... yes
checking crypt.h presence... yes
checking for crypt.h... yes
checking for library containing sendfilev... no
checking for dup2... yes
checking for getcwd... yes
checking for inet_ntoa... yes
checking for inet_ntop... yes
checking for memset... yes
checking for mmap... yes
checking for munmap... yes
checking for strchr... yes
checking for strdup... yes
checking for strerror... yes
checking for strstr... yes
checking for strtol... yes
checking for sendfile... yes
checking for getopt... yes
checking for socket... yes
checking for lstat... yes
checking for gethostbyname... yes
checking for poll... yes
checking for sigtimedwait... yes
checking for epoll_ctl... yes
checking for getrlimit... yes
checking for chroot... yes
checking for getuid... yes
checking for select... yes
checking for signal... yes
checking for pathconf... yes
checking for madvise... yes
checking for posix_fadvise... yes
checking for posix_madvise... yes
checking for writev... yes
checking for sigaction... yes
checking for sendfile64... yes
checking for send_file... no
checking for kqueue... no
checking for port_create... no
checking for localtime_r... yes
checking for gmtime_r... yes
checking for Large File System support... yes
checking size of long... 4
checking size of off_t... 8
checking if sendfile works... no
checking for FCGI_Accept in -lfcgi... no
configure: creating ./config.status
config.status: creating Makefile
config.status: creating src/Makefile
config.status: creating doc/Makefile
config.status: creating tests/Makefile
config.status: creating tests/docroot/Makefile
config.status: creating tests/docroot/123/Makefile
config.status: creating tests/docroot/www/Makefile
config.status: creating tests/docroot/www/go/Makefile
config.status: creating tests/docroot/www/indexfile/Makefile
config.status: creating tests/docroot/www/expire/Makefile
config.status: creating distribute.sh
config.status: creating config.h
config.status: executing depfiles commands
config.status: executing libtool commands

Plugins:

enabled: 
  mod_access
  mod_accesslog
  mod_alias
  mod_auth
  mod_cgi
  mod_compress
  mod_dirlisting
  mod_evhost
  mod_expire
  mod_extforward
  mod_fastcgi
  mod_flv_streaming
  mod_indexfile
  mod_proxy
  mod_redirect
  mod_rewrite
  mod_rrdtool
  mod_scgi
  mod_secdownload
  mod_setenv
  mod_simple_vhost
  mod_ssi
  mod_staticfile
  mod_status
  mod_trigger_b4_dl
  mod_userdir
  mod_usertrack
  mod_webdav
disabled: 
  mod_cml
  mod_magnet
  mod_mysql_vhost

Features:

enabled: 
  auth-crypt
  large-files
  regex-conditionals
  webdav-locks
  webdav-properties
disabled: 
  auth-ldap
  compress-bzip2
  compress-deflate
  compress-gzip
  network-ipv6
  network-openssl
  stat-cache-fam
  storage-gdbm
  storage-memcache

	[configure] complete for lighttpd.
