This file contains any messages produced by compilers while
running configure, to aid debugging if configure makes a mistake.

It was created by configure, which was
generated by GNU Autoconf 2.60.  Invocation command line was

  $ work/main.d/alsa-utils-1.0.21/configure 

## --------- ##
## Platform. ##
## --------- ##

hostname = castor-laptop
uname -m = x86_64
uname -r = 2.6.31.5-desktop-1mnb
uname -s = Linux
uname -v = #1 SMP Fri Oct 23 00:05:22 EDT 2009

/usr/bin/uname -p = unknown
/bin/uname -X     = unknown

/bin/arch              = x86_64
/usr/bin/arch -k       = unknown
/usr/convex/getsysinfo = unknown
/usr/bin/hostinfo      = unknown
/bin/machine           = unknown
/usr/bin/oslevel       = unknown
/bin/universe          = unknown

PATH: /usr/share/colorgcc
PATH: /usr/share/colorgcc
PATH: /usr/share/colorgcc
PATH: /bin
PATH: /usr/bin
PATH: /usr/local/bin
PATH: /usr/games
PATH: /usr/lib/qt4/bin
PATH: /home/pablo/bin


## ----------- ##
## Core tests. ##
## ----------- ##

configure:1820: checking for a BSD-compatible install
configure:1876: result: /usr/bin/install -c
configure:1887: checking whether build environment is sane
configure:1930: result: yes
configure:1995: checking for gawk
configure:2011: found /bin/gawk
configure:2022: result: gawk
configure:2033: checking whether make sets $(MAKE)
configure:2054: result: yes
configure:2075: error: source directory already configured; run "make distclean" there first

## ---------------- ##
## Cache variables. ##
## ---------------- ##

ac_cv_env_CC_set=
ac_cv_env_CC_value=
ac_cv_env_CFLAGS_set=
ac_cv_env_CFLAGS_value=
ac_cv_env_CPPFLAGS_set=
ac_cv_env_CPPFLAGS_value=
ac_cv_env_CPP_set=
ac_cv_env_CPP_value=
ac_cv_env_LDFLAGS_set=
ac_cv_env_LDFLAGS_value=
ac_cv_env_build_alias_set=
ac_cv_env_build_alias_value=
ac_cv_env_host_alias_set=
ac_cv_env_host_alias_value=
ac_cv_env_target_alias_set=
ac_cv_env_target_alias_value=
ac_cv_path_install='/usr/bin/install -c'
ac_cv_prog_AWK=gawk
ac_cv_prog_make_make_set=yes

## ----------------- ##
## Output variables. ##
## ----------------- ##

ACLOCAL=''
ALSACONF_FALSE=''
ALSACONF_TRUE=''
ALSAMIXER_FALSE=''
ALSAMIXER_TRUE=''
ALSA_CFLAGS=''
ALSA_LIBS=''
AMDEPBACKSLASH=''
AMDEP_FALSE=''
AMDEP_TRUE=''
AMTAR=''
AUTOCONF=''
AUTOHEADER=''
AUTOMAKE=''
AWK='gawk'
CC=''
CCDEPMODE=''
CFLAGS=''
CPP=''
CPPFLAGS=''
CURSESINC=''
CURSESLIB=''
CURSES_CFLAGS=''
CYGPATH_W=''
DEFS=''
DEPDIR=''
ECHO_C=''
ECHO_N='-n'
ECHO_T=''
EGREP=''
EXEEXT=''
GMSGFMT=''
GMSGFMT_015=''
GREP=''
HAVE_MIXER_FALSE=''
HAVE_MIXER_TRUE=''
HAVE_PCM_FALSE=''
HAVE_PCM_TRUE=''
HAVE_RAWMIDI_FALSE=''
HAVE_RAWMIDI_TRUE=''
HAVE_SEQ_FALSE=''
HAVE_SEQ_TRUE=''
INSTALL_DATA='${INSTALL} -m 644'
INSTALL_PROGRAM='${INSTALL}'
INSTALL_SCRIPT='${INSTALL}'
INSTALL_STRIP_PROGRAM=''
INTLLIBS=''
INTL_MACOSX_LIBS=''
LDFLAGS=''
LIBICONV=''
LIBINTL=''
LIBOBJS=''
LIBRT=''
LIBS=''
LN_S=''
LTLIBICONV=''
LTLIBINTL=''
LTLIBOBJS=''
MAKEINFO=''
MSGFMT=''
MSGFMT_015=''
MSGMERGE=''
OBJEXT=''
PACKAGE=''
PACKAGE_BUGREPORT=''
PACKAGE_NAME=''
PACKAGE_STRING=''
PACKAGE_TARNAME=''
PACKAGE_VERSION=''
PATH_SEPARATOR=':'
POSUB=''
SET_MAKE=''
SHELL='/bin/sh'
SND_UTIL_MAJOR=''
SND_UTIL_MINOR=''
SND_UTIL_SUBMINOR=''
SND_UTIL_VERSION=''
STRIP=''
TESTSOUND=''
USE_NLS=''
USE_XMLTO_FALSE=''
USE_XMLTO_TRUE=''
VERSION=''
XGETTEXT=''
XGETTEXT_015=''
ac_ct_CC=''
am__fastdepCC_FALSE=''
am__fastdepCC_TRUE=''
am__include=''
am__leading_dot='.'
am__quote=''
am__tar=''
am__untar=''
bindir='${exec_prefix}/bin'
build=''
build_alias=''
build_cpu=''
build_os=''
build_vendor=''
datadir='${datarootdir}'
datarootdir='${prefix}/share'
docdir='${datarootdir}/doc/${PACKAGE}'
dvidir='${docdir}'
exec_prefix='NONE'
host=''
host_alias=''
host_cpu=''
host_os=''
host_vendor=''
htmldir='${docdir}'
includedir='${prefix}/include'
infodir='${datarootdir}/info'
install_sh=''
libdir='${exec_prefix}/lib'
libexecdir='${exec_prefix}/libexec'
localedir='${datarootdir}/locale'
localstatedir='${prefix}/var'
mandir='${datarootdir}/man'
mkdir_p='mkdir -p --'
ncurses5_config=''
ncursesw5_config=''
oldincludedir='/usr/include'
pdfdir='${docdir}'
prefix='NONE'
program_transform_name='s,x,x,'
psdir='${docdir}'
sbindir='${exec_prefix}/sbin'
sharedstatedir='${prefix}/com'
sysconfdir='${prefix}/etc'
target_alias=''
xmlto=''

## ----------- ##
## confdefs.h. ##
## ----------- ##

#define PACKAGE_NAME ""
#define PACKAGE_TARNAME ""
#define PACKAGE_VERSION ""
#define PACKAGE_STRING ""
#define PACKAGE_BUGREPORT ""

configure: exit 1
