       1 0.011428   0.00066762
       2 0.022820   0.00066866
       3 0.038496   0.00059456
       4 0.049145   0.00062097
       6 0.077432   0.00059118
       8 0.101147   0.00060343
      12 0.113090   0.00080955
      13 0.117912   0.00084116
      16 0.174853   0.00069813
      19 0.211063   0.00068680
      21 0.201409   0.00079548
      24 0.239165   0.00076560
      27 0.289868   0.00071065
      29 0.343018   0.00064502
      32 0.375382   0.00065038
      35 0.445516   0.00059937
      45 0.551141   0.00062293
      48 0.528275   0.00069322
      51 0.565793   0.00068771
      61 0.731971   0.00063581
      64 0.808588   0.00060387
      67 0.672748   0.00075982
      93 0.975324   0.00072748
      96 1.047600   0.00069914
      99 1.099515   0.00068695
     125 1.454540   0.00065565
     128 1.536861   0.00063543
     131 1.407249   0.00071022
     189 1.953177   0.00073826
     192 2.004517   0.00073077
     195 2.067478   0.00071959
     253 2.153132   0.00089648
     256 2.837753   0.00068826
     259 2.575228   0.00076732
     381 3.269934   0.00088895
     384 3.853450   0.00076028
     387 3.491798   0.00084557
     509 4.290479   0.00090511
     512 4.089373   0.00095522
     515 4.401302   0.00089272
     765 5.982640   0.00097557
     768 4.827705   0.00121370
     771 5.421389   0.00108501
    1021 6.925205   0.00112482
    1024 5.762201   0.00135582
    1027 5.543418   0.00141346
    1533 5.118760   0.00228490
    1536 5.325194   0.00220062
    1539 6.073314   0.00193332
    2045 7.875073   0.00198120
    2048 8.072606   0.00193556
    2051 7.271857   0.00215184
    3069 8.784821   0.00266535
    3072 8.755863   0.00267678
    3075 8.886230   0.00264008
    4093 12.272001   0.00254458
    4096 11.003018   0.00284013
    4099 12.169677   0.00256974
    6141 11.071181   0.00423190
    6144 12.359246   0.00379271
    6147 8.992473   0.00521524
    8189 12.876366   0.00485208
    8192 12.185036   0.00512924
    8195 11.161814   0.00560150
   12285 11.580277   0.00809368
   12288 13.193203   0.00710593
   12291 11.579845   0.00809794
   16381 12.590441   0.00992635
   16384 12.301570   0.01016130
   16387 12.249494   0.01020637
   24573 13.173167   0.01423174
   24576 11.520661   0.01627511
   24579 12.179480   0.01539662
   32765 12.396384   0.02016532
   32768 11.575603   0.02159715
   32771 10.150321   0.02463202
   49149 12.142067   0.03088248
   49152 11.920724   0.03145782
   49155 11.209433   0.03345601
   65533 12.834783   0.03895485
   65536 13.150569   0.03802117
   65539 12.953958   0.03860001
   98301 12.993325   0.05772018
   98304 12.776069   0.05870350
   98307 13.838524   0.05419819
  131069 13.028228   0.07675465
  131072 13.593420   0.07356501
  131075 14.186166   0.07049282
  196605 12.821521   0.11698902
  196608 14.154437   0.10597384
  196611 15.160196   0.09894482
  262141 14.469101   0.13822401
  262144 14.522815   0.13771435
  262147 14.655851   0.13646583
  393213 14.793723   0.20278716
  393216 14.732022   0.20363804
  393219 13.375374   0.22429450
  524285 14.776186   0.27070431
  524288 14.580412   0.27434067
  524291 13.186758   0.30333634
  786429 13.286264   0.45159249
  786432 13.021794   0.46076600
  786435 13.063563   0.45929452
 1048573 12.185116   0.65653682
 1048576 12.556239   0.63713348
 1048579 13.222796   0.60501750
 1572861 12.940499   0.92731953
 1572864 12.766499   0.93996016
 1572867 10.803674   1.11073534
