This file contains any messages produced by compilers while
running configure, to aid debugging if configure makes a mistake.

It was created by readline configure 6.0, which was
generated by GNU Autoconf 2.63.  Invocation command line was

  $ work/main.d/readline-6.0/configure 

## --------- ##
## Platform. ##
## --------- ##

hostname = castor-laptop
uname -m = x86_64
uname -r = 2.6.31.5-desktop-1mnb
uname -s = Linux
uname -v = #1 SMP Fri Oct 23 00:05:22 EDT 2009

/usr/bin/uname -p = unknown
/bin/uname -X     = unknown

/bin/arch              = x86_64
/usr/bin/arch -k       = unknown
/usr/convex/getsysinfo = unknown
/usr/bin/hostinfo      = unknown
/bin/machine           = unknown
/usr/bin/oslevel       = unknown
/bin/universe          = unknown

PATH: /usr/share/colorgcc
PATH: /usr/share/colorgcc
PATH: /usr/share/colorgcc
PATH: /bin
PATH: /usr/bin
PATH: /usr/local/bin
PATH: /usr/games
PATH: /usr/lib/qt4/bin
PATH: /home/pablo/bin


## ----------- ##
## Core tests. ##
## ----------- ##

configure:1893: checking build system type

## ---------------- ##
## Cache variables. ##
## ---------------- ##

ac_cv_build=
ac_cv_env_CC_set=
ac_cv_env_CC_value=
ac_cv_env_CFLAGS_set=
ac_cv_env_CFLAGS_value=
ac_cv_env_CPPFLAGS_set=
ac_cv_env_CPPFLAGS_value=
ac_cv_env_CPP_set=
ac_cv_env_CPP_value=
ac_cv_env_LDFLAGS_set=
ac_cv_env_LDFLAGS_value=
ac_cv_env_LIBS_set=
ac_cv_env_LIBS_value=
ac_cv_env_build_alias_set=
ac_cv_env_build_alias_value=
ac_cv_env_host_alias_set=
ac_cv_env_host_alias_value=
ac_cv_env_target_alias_set=
ac_cv_env_target_alias_value=

## ----------------- ##
## Output variables. ##
## ----------------- ##

AR=''
ARFLAGS=''
BUILD_DIR=''
CC=''
CFLAGS=''
CPP=''
CPPFLAGS=''
CROSS_COMPILE=''
DEFS=''
ECHO_C=''
ECHO_N='-n'
ECHO_T=''
EGREP=''
EXEEXT=''
GREP=''
INSTALL_DATA=''
INSTALL_PROGRAM=''
INSTALL_SCRIPT=''
LDFLAGS=''
LIBOBJS=''
LIBS=''
LIBVERSION='6.0'
LOCAL_CFLAGS=''
LOCAL_DEFS=''
LOCAL_LDFLAGS=''
LTLIBOBJS=''
MAKE_SHELL=''
OBJEXT=''
PACKAGE_BUGREPORT='bug-readline@gnu.org'
PACKAGE_NAME='readline'
PACKAGE_STRING='readline 6.0'
PACKAGE_TARNAME='readline'
PACKAGE_VERSION='6.0'
PATH_SEPARATOR=':'
PURIFY=''
RANLIB=''
SET_MAKE=''
SHARED_INSTALL_TARGET=''
SHARED_TARGET=''
SHELL='/bin/sh'
SHLIB_DLLVERSION=''
SHLIB_DOT=''
SHLIB_LIBPREF=''
SHLIB_LIBS=''
SHLIB_LIBSUFF=''
SHLIB_LIBVERSION=''
SHLIB_MAJOR=''
SHLIB_MINOR=''
SHLIB_STATUS=''
SHLIB_XLDFLAGS=''
SHOBJ_CC=''
SHOBJ_CFLAGS=''
SHOBJ_LD=''
SHOBJ_LDFLAGS=''
SHOBJ_LIBS=''
SHOBJ_STATUS=''
SHOBJ_XLDFLAGS=''
STATIC_INSTALL_TARGET=''
STATIC_TARGET=''
TERMCAP_LIB=''
ac_ct_CC=''
bindir='${exec_prefix}/bin'
build=''
build_alias=''
build_cpu=''
build_os=''
build_vendor=''
datadir='${datarootdir}'
datarootdir='${prefix}/share'
docdir='${datarootdir}/doc/${PACKAGE_TARNAME}'
dvidir='${docdir}'
exec_prefix='NONE'
host=''
host_alias=''
host_cpu=''
host_os=''
host_vendor=''
htmldir='${docdir}'
includedir='${prefix}/include'
infodir='${datarootdir}/info'
libdir='${exec_prefix}/lib'
libexecdir='${exec_prefix}/libexec'
localedir='${datarootdir}/locale'
localstatedir='${prefix}/var'
mandir='${datarootdir}/man'
oldincludedir='/usr/include'
pdfdir='${docdir}'
prefix='NONE'
program_transform_name='s,x,x,'
psdir='${docdir}'
sbindir='${exec_prefix}/sbin'
sharedstatedir='${prefix}/com'
sysconfdir='${prefix}/etc'
target_alias=''

## ----------- ##
## confdefs.h. ##
## ----------- ##

#define PACKAGE_NAME "readline"
#define PACKAGE_TARNAME "readline"
#define PACKAGE_VERSION "6.0"
#define PACKAGE_STRING "readline 6.0"
#define PACKAGE_BUGREPORT "bug-readline@gnu.org"

configure: caught signal 2
configure: exit 1
