This file contains any messages produced by compilers while
running configure, to aid debugging if configure makes a mistake.

It was created by hal configure 0.5.13, which was
generated by GNU Autoconf 2.63.  Invocation command line was

  $ work/main.d/hal-0.5.13/configure 

## --------- ##
## Platform. ##
## --------- ##

hostname = castor-laptop
uname -m = x86_64
uname -r = 2.6.29.6-desktop-1mnb
uname -s = Linux
uname -v = #1 SMP Sun Jul 5 19:25:09 EDT 2009

/usr/bin/uname -p = unknown
/bin/uname -X     = unknown

/bin/arch              = x86_64
/usr/bin/arch -k       = unknown
/usr/convex/getsysinfo = unknown
/usr/bin/hostinfo      = unknown
/bin/machine           = unknown
/usr/bin/oslevel       = unknown
/bin/universe          = unknown

PATH: /usr/share/colorgcc
PATH: /usr/share/colorgcc
PATH: /usr/share/colorgcc
PATH: /bin
PATH: /usr/bin
PATH: /usr/local/bin
PATH: /usr/games
PATH: /usr/lib/qt4/bin
PATH: /home/pablo/bin


## ----------- ##
## Core tests. ##
## ----------- ##

configure:2327: checking for a BSD-compatible install
configure:2395: result: /usr/bin/install -c
configure:2406: checking whether build environment is sane

## ---------------- ##
## Cache variables. ##
## ---------------- ##

ac_cv_env_BLKID_CFLAGS_set=
ac_cv_env_BLKID_CFLAGS_value=
ac_cv_env_BLKID_LIBS_set=
ac_cv_env_BLKID_LIBS_value=
ac_cv_env_CCC_set=
ac_cv_env_CCC_value=
ac_cv_env_CC_set=
ac_cv_env_CC_value=
ac_cv_env_CFLAGS_set=
ac_cv_env_CFLAGS_value=
ac_cv_env_CPPFLAGS_set=
ac_cv_env_CPPFLAGS_value=
ac_cv_env_CPP_set=
ac_cv_env_CPP_value=
ac_cv_env_CXXCPP_set=
ac_cv_env_CXXCPP_value=
ac_cv_env_CXXFLAGS_set=
ac_cv_env_CXXFLAGS_value=
ac_cv_env_CXX_set=
ac_cv_env_CXX_value=
ac_cv_env_DBUS_CFLAGS_set=
ac_cv_env_DBUS_CFLAGS_value=
ac_cv_env_DBUS_LIBS_set=
ac_cv_env_DBUS_LIBS_value=
ac_cv_env_GLIB_CFLAGS_set=
ac_cv_env_GLIB_CFLAGS_value=
ac_cv_env_GLIB_LIBS_set=
ac_cv_env_GLIB_LIBS_value=
ac_cv_env_LDFLAGS_set=
ac_cv_env_LDFLAGS_value=
ac_cv_env_LIBS_set=
ac_cv_env_LIBS_value=
ac_cv_env_PARTED_CFLAGS_set=
ac_cv_env_PARTED_CFLAGS_value=
ac_cv_env_PARTED_LIBS_set=
ac_cv_env_PARTED_LIBS_value=
ac_cv_env_PKG_CONFIG_set=
ac_cv_env_PKG_CONFIG_value=
ac_cv_env_POLKIT_CFLAGS_set=
ac_cv_env_POLKIT_CFLAGS_value=
ac_cv_env_POLKIT_LIBS_set=
ac_cv_env_POLKIT_LIBS_value=
ac_cv_env_build_alias_set=
ac_cv_env_build_alias_value=
ac_cv_env_host_alias_set=
ac_cv_env_host_alias_value=
ac_cv_env_target_alias_set=
ac_cv_env_target_alias_value=
ac_cv_path_install='/usr/bin/install -c'

## ----------------- ##
## Output variables. ##
## ----------------- ##

ACLOCAL=''
ACPI_ACPID=''
ACPI_ACPID_FALSE=''
ACPI_ACPID_TRUE=''
ACPI_PROC=''
ACPI_PROC_FALSE=''
ACPI_PROC_TRUE=''
AMDEPBACKSLASH=''
AMDEP_FALSE=''
AMDEP_TRUE=''
AMTAR=''
AR=''
AUTOCONF=''
AUTOHEADER=''
AUTOMAKE=''
AWK=''
BLKID_CFLAGS=''
BLKID_LIBS=''
BUILD_ACPI_IBM=''
BUILD_ACPI_IBM_FALSE=''
BUILD_ACPI_IBM_TRUE=''
BUILD_ACPI_TOSHIBA=''
BUILD_ACPI_TOSHIBA_FALSE=''
BUILD_ACPI_TOSHIBA_TRUE=''
BUILD_CPUFREQ_FALSE=''
BUILD_CPUFREQ_TRUE=''
BUILD_DELL_FALSE=''
BUILD_DELL_TRUE=''
BUILD_DEPRECATED_KEYS_FALSE=''
BUILD_DEPRECATED_KEYS_TRUE=''
BUILD_IMAC_FALSE=''
BUILD_IMAC_TRUE=''
BUILD_KEYMAPS_FALSE=''
BUILD_KEYMAPS_TRUE=''
BUILD_MACBOOKPRO_FALSE=''
BUILD_MACBOOKPRO_TRUE=''
BUILD_MACBOOK_FALSE=''
BUILD_MACBOOK_TRUE=''
BUILD_OMAP_FALSE=''
BUILD_OMAP_TRUE=''
BUILD_USBCSR_FALSE=''
BUILD_USBCSR_TRUE=''
CC=''
CCDEPMODE=''
CFLAGS=''
CPP=''
CPPFLAGS=''
CXX=''
CXXCPP=''
CXXDEPMODE=''
CXXFLAGS=''
CYGPATH_W=''
DBUS_CFLAGS=''
DBUS_LIBS=''
DBUS_SYS_DIR=''
DEFS=''
DEPDIR=''
DOCBOOK_DOCS_ENABLED_FALSE=''
DOCBOOK_DOCS_ENABLED_TRUE=''
DSYMUTIL=''
DUMPBIN=''
ECHO_C=''
ECHO_N='-n'
ECHO_T=''
EGREP=''
EJECT_PROGRAM=''
ENABLE_GTK_DOC_FALSE=''
ENABLE_GTK_DOC_TRUE=''
EXEEXT=''
EXPAT_LIB=''
FGREP=''
GCOV_FALSE=''
GCOV_TRUE=''
GLIB_CFLAGS=''
GLIB_LIBS=''
GPERF=''
GREP=''
GTK_DOC_USE_LIBTOOL_FALSE=''
GTK_DOC_USE_LIBTOOL_TRUE=''
HALD_BACKEND=''
HALD_COMPILE_DUMMY_FALSE=''
HALD_COMPILE_DUMMY_TRUE=''
HALD_COMPILE_FREEBSD_FALSE=''
HALD_COMPILE_FREEBSD_TRUE=''
HALD_COMPILE_LINUX_FALSE=''
HALD_COMPILE_LINUX_TRUE=''
HALD_COMPILE_SOLARIS_FALSE=''
HALD_COMPILE_SOLARIS_TRUE=''
HALD_OS_LIBS=''
HALD_PID_FILE=''
HALD_SOCKET_DIR=''
HAL_GROUP=''
HAL_USER=''
HAVE_ACLMGMT_FALSE=''
HAVE_ACLMGMT_TRUE=''
HAVE_ACPI_FALSE=''
HAVE_ACPI_TRUE=''
HAVE_APM_FALSE=''
HAVE_APM_TRUE=''
HAVE_CONKIT_FALSE=''
HAVE_CONKIT_TRUE=''
HAVE_GPERF=''
HAVE_GPERF_FALSE=''
HAVE_GPERF_TRUE=''
HAVE_LIBPCI_FALSE=''
HAVE_LIBPCI_TRUE=''
HAVE_LIBUSB_FALSE=''
HAVE_LIBUSB_TRUE=''
HAVE_PMU_FALSE=''
HAVE_PMU_TRUE=''
HAVE_POLKIT_FALSE=''
HAVE_POLKIT_TRUE=''
HAVE_SMBIOS_FALSE=''
HAVE_SMBIOS_TRUE=''
HAVE_SONYPIC_FALSE=''
HAVE_SONYPIC_TRUE=''
HAVE_UMOUNT_HAL_FALSE=''
HAVE_UMOUNT_HAL_TRUE=''
HTML_DIR=''
INSTALL_DATA='${INSTALL} -m 644'
INSTALL_PROGRAM='${INSTALL}'
INSTALL_SCRIPT='${INSTALL}'
INSTALL_STRIP_PROGRAM=''
LD=''
LDFLAGS=''
LIBOBJS=''
LIBS=''
LIBTOOL=''
LINUX_INPUT_H=''
LIPO=''
LN_S=''
LTLIBOBJS=''
LT_AGE=''
LT_CURRENT=''
LT_REVISION=''
MAINT=''
MAINTAINER_MODE_FALSE=''
MAINTAINER_MODE_TRUE=''
MAKEINFO=''
MAN_PAGES_ENABLED=''
MAN_PAGES_ENABLED_FALSE=''
MAN_PAGES_ENABLED_TRUE=''
MKDIR_P=''
NM=''
NMEDIT=''
OBJDUMP=''
OBJEXT=''
OS_TYPE_RED_HAT_FALSE=''
OS_TYPE_RED_HAT_TRUE=''
OS_TYPE_UNKNOWN_FALSE=''
OS_TYPE_UNKNOWN_TRUE=''
OTOOL64=''
OTOOL=''
PACKAGE=''
PACKAGE_BUGREPORT='david@fubar.dk'
PACKAGE_NAME='hal'
PACKAGE_STRING='hal 0.5.13'
PACKAGE_TARNAME='hal'
PACKAGE_VERSION='0.5.13'
PARTED_CFLAGS=''
PARTED_LIBS=''
PATH_SEPARATOR=':'
PCI_IDS_DIR=''
PKG_CONFIG=''
POLKIT_CFLAGS=''
POLKIT_LIBS=''
POLKIT_POLICY_FILE_VALIDATE=''
RANLIB=''
SED=''
SET_MAKE=''
SHELL='/bin/sh'
STRIP=''
USB_IDS_DIR=''
USE_PARTED=''
USE_PARTED_FALSE=''
USE_PARTED_TRUE=''
USE_PCI_IDS=''
USE_PNP_IDS=''
USE_USB_IDS=''
VERSION=''
XMLLINT=''
XMLTO=''
ac_ct_CC=''
ac_ct_CXX=''
ac_ct_DUMPBIN=''
am__fastdepCC_FALSE=''
am__fastdepCC_TRUE=''
am__fastdepCXX_FALSE=''
am__fastdepCXX_TRUE=''
am__include=''
am__isrc=''
am__leading_dot=''
am__quote=''
am__tar=''
am__untar=''
bindir='${exec_prefix}/bin'
build=''
build_alias=''
build_cpu=''
build_os=''
build_vendor=''
datadir='${datarootdir}'
datarootdir='${prefix}/share'
docdir='${datarootdir}/doc/${PACKAGE_TARNAME}'
dvidir='${docdir}'
exec_prefix='NONE'
host=''
host_alias=''
host_cpu=''
host_os=''
host_vendor=''
htmldir='${docdir}'
includedir='${prefix}/include'
infodir='${datarootdir}/info'
install_sh=''
libdir='${exec_prefix}/lib'
libexecdir='${exec_prefix}/libexec'
localedir='${datarootdir}/locale'
localstatedir='${prefix}/var'
lt_ECHO='echo'
mandir='${datarootdir}/man'
mkdir_p=''
oldincludedir='/usr/include'
pdfdir='${docdir}'
prefix='NONE'
program_transform_name='s,x,x,'
psdir='${docdir}'
sbindir='${exec_prefix}/sbin'
sharedstatedir='${prefix}/com'
sysconfdir='${prefix}/etc'
target_alias=''
udev_prefix=''

## ----------- ##
## confdefs.h. ##
## ----------- ##

#define PACKAGE_NAME "hal"
#define PACKAGE_TARNAME "hal"
#define PACKAGE_VERSION "0.5.13"
#define PACKAGE_STRING "hal 0.5.13"
#define PACKAGE_BUGREPORT "david@fubar.dk"

configure: caught signal 2
configure: exit 1
